# JRE version: Java(TM) SE Runtime Environment (8.0_144-b01) (build 1.8.0_144-b01)
# Java VM: Java HotSpot(TM) Server VM (25.144-b01 mixed mode linux-x86 )
Heap:
 PSYoungGen      total 207360K, used 24059K [0x91ac0000, 0x9fcc0000, 0xa7000000)
  eden space 183296K, 0% used [0x91ac0000,0x91ac0000,0x9cdc0000)
  from space 24064K, 99% used [0x9cdc0000,0x9e53eee8,0x9e540000)
  to   space 20992K, 0% used [0x9e840000,0x9e840000,0x9fcc0000)
 ParOldGen       total 66048K, used 56512K [0x67000000, 0x6b080000, 0x91ac0000)
  object space 66048K, 85% used [0x67000000,0x6a730238,0x6b080000)
 Metaspace       used 4253K, capacity 4294K, committed 4376K, reserved 4400K
GC Heap History (10 events):
Event: 8.826 GC heap after
Heap after GC invocations=7 (full 0):
 PSYoungGen      total 69632K, used 9466K [0x91ac0000, 0x9abc0000, 0xa7000000)
  eden space 60160K, 0% used [0x91ac0000,0x91ac0000,0x95580000)
  from space 9472K, 99% used [0x95580000,0x95ebea78,0x95ec0000)
  to   space 14080K, 0% used [0x99e00000,0x99e00000,0x9abc0000)
 ParOldGen       total 40960K, used 23087K [0x67000000, 0x69800000, 0x91ac0000)
  object space 40960K, 56% used [0x67000000,0x6868bc98,0x69800000)
 Metaspace       used 4064K, capacity 4102K, committed 4120K, reserved 4400K
}
Event: 9.079 GC heap before
{Heap before GC invocations=8 (full 0):
 PSYoungGen      total 69632K, used 69626K [0x91ac0000, 0x9abc0000, 0xa7000000)
  eden space 60160K, 100% used [0x91ac0000,0x95580000,0x95580000)
  from space 9472K, 99% used [0x95580000,0x95ebea78,0x95ec0000)
  to   space 14080K, 0% used [0x99e00000,0x99e00000,0x9abc0000)
 ParOldGen       total 40960K, used 23087K [0x67000000, 0x69800000, 0x91ac0000)
  object space 40960K, 56% used [0x67000000,0x6868bc98,0x69800000)
 Metaspace       used 4116K, capacity 4134K, committed 4248K, reserved 4400K
Event: 10.377 GC heap after
Heap after GC invocations=8 (full 0):
 PSYoungGen      total 130560K, used 14073K [0x91ac0000, 0x9b340000, 0xa7000000)
  eden space 116480K, 0% used [0x91ac0000,0x91ac0000,0x98c80000)
  from space 14080K, 99% used [0x99e00000,0x9abbe780,0x9abc0000)
  to   space 17920K, 0% used [0x98c80000,0x98c80000,0x99e00000)
 ParOldGen       total 40960K, used 26873K [0x67000000, 0x69800000, 0x91ac0000)
  object space 40960K, 65% used [0x67000000,0x68a3e6f0,0x69800000)
 Metaspace       used 4116K, capacity 4134K, committed 4248K, reserved 4400K
}
Event: 10.755 GC heap before
{Heap before GC invocations=9 (full 0):
 PSYoungGen      total 130560K, used 130553K [0x91ac0000, 0x9b340000, 0xa7000000)
  eden space 116480K, 100% used [0x91ac0000,0x98c80000,0x98c80000)
  from space 14080K, 99% used [0x99e00000,0x9abbe780,0x9abc0000)
  to   space 17920K, 0% used [0x98c80000,0x98c80000,0x99e00000)
 ParOldGen       total 40960K, used 26873K [0x67000000, 0x69800000, 0x91ac0000)
  object space 40960K, 65% used [0x67000000,0x68a3e6f0,0x69800000)
 Metaspace       used 4173K, capacity 4198K, committed 4248K, reserved 4400K
Event: 13.334 GC heap after
Heap after GC invocations=9 (full 0):
 PSYoungGen      total 134400K, used 17917K [0x91ac0000, 0x9ffc0000, 0xa7000000)
  eden space 116480K, 0% used [0x91ac0000,0x91ac0000,0x98c80000)
  from space 17920K, 99% used [0x98c80000,0x99dff690,0x99e00000)
  to   space 24064K, 0% used [0x9e840000,0x9e840000,0x9ffc0000)
 ParOldGen       total 40960K, used 35522K [0x67000000, 0x69800000, 0x91ac0000)
  object space 40960K, 86% used [0x67000000,0x692b09d0,0x69800000)
 Metaspace       used 4173K, capacity 4198K, committed 4248K, reserved 4400K
}
Event: 13.334 GC heap before
{Heap before GC invocations=10 (full 1):
 PSYoungGen      total 134400K, used 17917K [0x91ac0000, 0x9ffc0000, 0xa7000000)
  eden space 116480K, 0% used [0x91ac0000,0x91ac0000,0x98c80000)
  from space 17920K, 99% used [0x98c80000,0x99dff690,0x99e00000)
  to   space 24064K, 0% used [0x9e840000,0x9e840000,0x9ffc0000)
 ParOldGen       total 40960K, used 35522K [0x67000000, 0x69800000, 0x91ac0000)
  object space 40960K, 86% used [0x67000000,0x692b09d0,0x69800000)
 Metaspace       used 4173K, capacity 4198K, committed 4248K, reserved 4400K
Event: 13.540 GC heap after
Heap after GC invocations=10 (full 1):
 PSYoungGen      total 134400K, used 3787K [0x91ac0000, 0x9ffc0000, 0xa7000000)
  eden space 116480K, 0% used [0x91ac0000,0x91ac0000,0x98c80000)
  from space 17920K, 21% used [0x98c80000,0x99032ca0,0x99e00000)
  to   space 24064K, 0% used [0x9e840000,0x9e840000,0x9ffc0000)
 ParOldGen       total 66048K, used 40836K [0x67000000, 0x6b080000, 0x91ac0000)
  object space 66048K, 61% used [0x67000000,0x697e1158,0x6b080000)
 Metaspace       used 4173K, capacity 4198K, committed 4248K, reserved 4400K
}
Event: 13.923 GC heap before
{Heap before GC invocations=11 (full 1):
 PSYoungGen      total 134400K, used 120267K [0x91ac0000, 0x9ffc0000, 0xa7000000)
  eden space 116480K, 100% used [0x91ac0000,0x98c80000,0x98c80000)
  from space 17920K, 21% used [0x98c80000,0x99032ca0,0x99e00000)
  to   space 24064K, 0% used [0x9e840000,0x9e840000,0x9ffc0000)
 ParOldGen       total 66048K, used 40836K [0x67000000, 0x6b080000, 0x91ac0000)
  object space 66048K, 61% used [0x67000000,0x697e1158,0x6b080000)
 Metaspace       used 4193K, capacity 4230K, committed 4248K, reserved 4400K
Event: 13.955 GC heap after
Heap after GC invocations=11 (full 1):
 PSYoungGen      total 204288K, used 14501K [0x91ac0000, 0x9fcc0000, 0xa7000000)
  eden space 183296K, 0% used [0x91ac0000,0x91ac0000,0x9cdc0000)
  from space 20992K, 69% used [0x9e840000,0x9f6696f0,0x9fcc0000)
  to   space 24064K, 0% used [0x9cdc0000,0x9cdc0000,0x9e540000)
 ParOldGen       total 66048K, used 42563K [0x67000000, 0x6b080000, 0x91ac0000)
  object space 66048K, 64% used [0x67000000,0x69990db0,0x6b080000)
 Metaspace       used 4193K, capacity 4230K, committed 4248K, reserved 4400K
}
Event: 14.605 GC heap before
{Heap before GC invocations=12 (full 1):
 PSYoungGen      total 204288K, used 197797K [0x91ac0000, 0x9fcc0000, 0xa7000000)
  eden space 183296K, 100% used [0x91ac0000,0x9cdc0000,0x9cdc0000)
  from space 20992K, 69% used [0x9e840000,0x9f6696f0,0x9fcc0000)
  to   space 24064K, 0% used [0x9cdc0000,0x9cdc0000,0x9e540000)
 ParOldGen       total 66048K, used 42563K [0x67000000, 0x6b080000, 0x91ac0000)
  object space 66048K, 64% used [0x67000000,0x69990db0,0x6b080000)
 Metaspace       used 4253K, capacity 4294K, committed 4376K, reserved 4400K

