# JRE version: Java(TM) SE Runtime Environment (8.0_144-b01) (build 1.8.0_144-b01)
# Java VM: Java HotSpot(TM) Server VM (25.144-b01 mixed mode linux-x86 )
Heap:
 PSYoungGen      total 258816K, used 25697K [0x922c0000, 0xa7800000, 0xa7800000)
  eden space 220416K, 0% used [0x922c0000,0x922c0000,0x9fa00000)
  from space 38400K, 66% used [0x9fa00000,0xa1318648,0xa1f80000)
  to   space 52480K, 0% used [0xa44c0000,0xa44c0000,0xa7800000)
 ParOldGen       total 116736K, used 116570K [0x67800000, 0x6ea00000, 0x922c0000)
  object space 116736K, 99% used [0x67800000,0x6e9d6b90,0x6ea00000)
 Metaspace       used 4306K, capacity 4358K, committed 4376K, reserved 4400K
GC Heap History (10 events):
Event: 6.733 GC heap after
Heap after GC invocations=11 (full 1):
 PSYoungGen      total 181760K, used 18776K [0x922c0000, 0xa01c0000, 0xa7800000)
  eden space 162816K, 0% used [0x922c0000,0x922c0000,0x9c1c0000)
  from space 18944K, 99% used [0x9ef40000,0xa01963b8,0xa01c0000)
  to   space 25600K, 0% used [0x9cfc0000,0x9cfc0000,0x9e8c0000)
 ParOldGen       total 70400K, used 42659K [0x67800000, 0x6bcc0000, 0x922c0000)
  object space 70400K, 60% used [0x67800000,0x6a1a8ef8,0x6bcc0000)
 Metaspace       used 4233K, capacity 4262K, committed 4376K, reserved 4400K
}
Event: 7.506 GC heap before
{Heap before GC invocations=12 (full 1):
 PSYoungGen      total 181760K, used 181592K [0x922c0000, 0xa01c0000, 0xa7800000)
  eden space 162816K, 100% used [0x922c0000,0x9c1c0000,0x9c1c0000)
  from space 18944K, 99% used [0x9ef40000,0xa01963b8,0xa01c0000)
  to   space 25600K, 0% used [0x9cfc0000,0x9cfc0000,0x9e8c0000)
 ParOldGen       total 70400K, used 42659K [0x67800000, 0x6bcc0000, 0x922c0000)
  object space 70400K, 60% used [0x67800000,0x6a1a8ef8,0x6bcc0000)
 Metaspace       used 4282K, capacity 4294K, committed 4376K, reserved 4400K
Event: 7.620 GC heap after
Heap after GC invocations=12 (full 1):
 PSYoungGen      total 202752K, used 25594K [0x922c0000, 0xa4b00000, 0xa7800000)
  eden space 177152K, 0% used [0x922c0000,0x922c0000,0x9cfc0000)
  from space 25600K, 99% used [0x9cfc0000,0x9e8be950,0x9e8c0000)
  to   space 36096K, 0% used [0xa27c0000,0xa27c0000,0xa4b00000)
 ParOldGen       total 70400K, used 60607K [0x67800000, 0x6bcc0000, 0x922c0000)
  object space 70400K, 86% used [0x67800000,0x6b32ffc0,0x6bcc0000)
 Metaspace       used 4282K, capacity 4294K, committed 4376K, reserved 4400K
}
Event: 7.620 GC heap before
{Heap before GC invocations=13 (full 2):
 PSYoungGen      total 202752K, used 25594K [0x922c0000, 0xa4b00000, 0xa7800000)
  eden space 177152K, 0% used [0x922c0000,0x922c0000,0x9cfc0000)
  from space 25600K, 99% used [0x9cfc0000,0x9e8be950,0x9e8c0000)
  to   space 36096K, 0% used [0xa27c0000,0xa27c0000,0xa4b00000)
 ParOldGen       total 70400K, used 60607K [0x67800000, 0x6bcc0000, 0x922c0000)
  object space 70400K, 86% used [0x67800000,0x6b32ffc0,0x6bcc0000)
 Metaspace       used 4282K, capacity 4294K, committed 4376K, reserved 4400K
Event: 8.107 GC heap after
Heap after GC invocations=13 (full 2):
 PSYoungGen      total 202752K, used 13867K [0x922c0000, 0xa4b00000, 0xa7800000)
  eden space 177152K, 0% used [0x922c0000,0x922c0000,0x9cfc0000)
  from space 25600K, 54% used [0x9cfc0000,0x9dd4ace8,0x9e8c0000)
  to   space 36096K, 0% used [0xa27c0000,0xa27c0000,0xa4b00000)
 ParOldGen       total 116736K, used 70195K [0x67800000, 0x6ea00000, 0x922c0000)
  object space 116736K, 60% used [0x67800000,0x6bc8cef0,0x6ea00000)
 Metaspace       used 4282K, capacity 4294K, committed 4376K, reserved 4400K
}
Event: 8.974 GC heap before
{Heap before GC invocations=14 (full 2):
 PSYoungGen      total 202752K, used 191019K [0x922c0000, 0xa4b00000, 0xa7800000)
  eden space 177152K, 100% used [0x922c0000,0x9cfc0000,0x9cfc0000)
  from space 25600K, 54% used [0x9cfc0000,0x9dd4ace8,0x9e8c0000)
  to   space 36096K, 0% used [0xa27c0000,0xa27c0000,0xa4b00000)
 ParOldGen       total 116736K, used 70195K [0x67800000, 0x6ea00000, 0x922c0000)
  object space 116736K, 60% used [0x67800000,0x6bc8cef0,0x6ea00000)
 Metaspace       used 4293K, capacity 4326K, committed 4376K, reserved 4400K
Event: 9.119 GC heap after
Heap after GC invocations=14 (full 2):
 PSYoungGen      total 250368K, used 26378K [0x922c0000, 0xa4500000, 0xa7800000)
  eden space 220416K, 0% used [0x922c0000,0x922c0000,0x9fa00000)
  from space 29952K, 88% used [0xa27c0000,0xa4182b28,0xa4500000)
  to   space 38400K, 0% used [0x9fa00000,0x9fa00000,0xa1f80000)
 ParOldGen       total 116736K, used 83402K [0x67800000, 0x6ea00000, 0x922c0000)
  object space 116736K, 71% used [0x67800000,0x6c972938,0x6ea00000)
 Metaspace       used 4293K, capacity 4326K, committed 4376K, reserved 4400K
}
Event: 10.242 GC heap before
{Heap before GC invocations=15 (full 2):
 PSYoungGen      total 250368K, used 246794K [0x922c0000, 0xa4500000, 0xa7800000)
  eden space 220416K, 100% used [0x922c0000,0x9fa00000,0x9fa00000)
  from space 29952K, 88% used [0xa27c0000,0xa4182b28,0xa4500000)
  to   space 38400K, 0% used [0x9fa00000,0x9fa00000,0xa1f80000)
 ParOldGen       total 116736K, used 83402K [0x67800000, 0x6ea00000, 0x922c0000)
  object space 116736K, 71% used [0x67800000,0x6c972938,0x6ea00000)
 Metaspace       used 4306K, capacity 4358K, committed 4376K, reserved 4400K
Event: 10.366 GC heap after
Heap after GC invocations=15 (full 2):
 PSYoungGen      total 258816K, used 38399K [0x922c0000, 0xa7800000, 0xa7800000)
  eden space 220416K, 0% used [0x922c0000,0x922c0000,0x9fa00000)
  from space 38400K, 99% used [0x9fa00000,0xa1f7fc38,0xa1f80000)
  to   space 52480K, 0% used [0xa44c0000,0xa44c0000,0xa7800000)
 ParOldGen       total 116736K, used 104983K [0x67800000, 0x6ea00000, 0x922c0000)
  object space 116736K, 89% used [0x67800000,0x6de85d80,0x6ea00000)
 Metaspace       used 4306K, capacity 4358K, committed 4376K, reserved 4400K
}
Event: 10.366 GC heap before
{Heap before GC invocations=16 (full 3):
 PSYoungGen      total 258816K, used 38399K [0x922c0000, 0xa7800000, 0xa7800000)
  eden space 220416K, 0% used [0x922c0000,0x922c0000,0x9fa00000)
  from space 38400K, 99% used [0x9fa00000,0xa1f7fc38,0xa1f80000)
  to   space 52480K, 0% used [0xa44c0000,0xa44c0000,0xa7800000)
 ParOldGen       total 116736K, used 104983K [0x67800000, 0x6ea00000, 0x922c0000)
  object space 116736K, 89% used [0x67800000,0x6de85d80,0x6ea00000)
 Metaspace       used 4306K, capacity 4358K, committed 4376K, reserved 4400K

