# JRE version: Java(TM) SE Runtime Environment (8.0_144-b01) (build 1.8.0_144-b01)
# Java VM: Java HotSpot(TM) Server VM (25.144-b01 mixed mode linux-x86 )
Heap:
 PSYoungGen      total 73984K, used 13420K [0x922c0000, 0x97b00000, 0xa7800000)
  eden space 57600K, 0% used [0x922c0000,0x922c0000,0x95b00000)
  from space 16384K, 81% used [0x95b00000,0x9681b238,0x96b00000)
  to   space 13568K, 0% used [0x96dc0000,0x96dc0000,0x97b00000)
 ParOldGen       total 38400K, used 14664K [0x67800000, 0x69d80000, 0x922c0000)
  object space 38400K, 38% used [0x67800000,0x686522f8,0x69d80000)
 Metaspace       used 3200K, capacity 3206K, committed 3224K, reserved 4400K
GC Heap History (10 events):
Event: 1.129 GC heap after
Heap after GC invocations=3 (full 0):
 PSYoungGen      total 17920K, used 2551K [0x922c0000, 0x945c0000, 0xa7800000)
  eden space 15360K, 0% used [0x922c0000,0x922c0000,0x931c0000)
  from space 2560K, 99% used [0x931c0000,0x9343de80,0x93440000)
  to   space 2560K, 0% used [0x94340000,0x94340000,0x945c0000)
 ParOldGen       total 40960K, used 17787K [0x67800000, 0x6a000000, 0x922c0000)
  object space 40960K, 43% used [0x67800000,0x6895ef18,0x6a000000)
 Metaspace       used 3159K, capacity 3206K, committed 3224K, reserved 4400K
}
Event: 1.201 GC heap before
{Heap before GC invocations=4 (full 0):
 PSYoungGen      total 17920K, used 17911K [0x922c0000, 0x945c0000, 0xa7800000)
  eden space 15360K, 100% used [0x922c0000,0x931c0000,0x931c0000)
  from space 2560K, 99% used [0x931c0000,0x9343de80,0x93440000)
  to   space 2560K, 0% used [0x94340000,0x94340000,0x945c0000)
 ParOldGen       total 40960K, used 17787K [0x67800000, 0x6a000000, 0x922c0000)
  object space 40960K, 43% used [0x67800000,0x6895ef18,0x6a000000)
 Metaspace       used 3169K, capacity 3206K, committed 3224K, reserved 4400K
Event: 1.209 GC heap after
Heap after GC invocations=4 (full 0):
 PSYoungGen      total 33280K, used 2552K [0x922c0000, 0x945c0000, 0xa7800000)
  eden space 30720K, 0% used [0x922c0000,0x922c0000,0x940c0000)
  from space 2560K, 99% used [0x94340000,0x945be170,0x945c0000)
  to   space 2560K, 0% used [0x940c0000,0x940c0000,0x94340000)
 ParOldGen       total 40960K, used 25865K [0x67800000, 0x6a000000, 0x922c0000)
  object space 40960K, 63% used [0x67800000,0x69142620,0x6a000000)
 Metaspace       used 3169K, capacity 3206K, committed 3224K, reserved 4400K
}
Event: 1.350 GC heap before
{Heap before GC invocations=5 (full 0):
 PSYoungGen      total 33280K, used 33272K [0x922c0000, 0x945c0000, 0xa7800000)
  eden space 30720K, 100% used [0x922c0000,0x940c0000,0x940c0000)
  from space 2560K, 99% used [0x94340000,0x945be170,0x945c0000)
  to   space 2560K, 0% used [0x940c0000,0x940c0000,0x94340000)
 ParOldGen       total 40960K, used 25865K [0x67800000, 0x6a000000, 0x922c0000)
  object space 40960K, 63% used [0x67800000,0x69142620,0x6a000000)
 Metaspace       used 3181K, capacity 3206K, committed 3224K, reserved 4400K
Event: 1.359 GC heap after
Heap after GC invocations=5 (full 0):
 PSYoungGen      total 33280K, used 2544K [0x922c0000, 0x97cc0000, 0xa7800000)
  eden space 30720K, 0% used [0x922c0000,0x922c0000,0x940c0000)
  from space 2560K, 99% used [0x940c0000,0x9433c180,0x94340000)
  to   space 15360K, 0% used [0x96dc0000,0x96dc0000,0x97cc0000)
 ParOldGen       total 40960K, used 34373K [0x67800000, 0x6a000000, 0x922c0000)
  object space 40960K, 83% used [0x67800000,0x69991560,0x6a000000)
 Metaspace       used 3181K, capacity 3206K, committed 3224K, reserved 4400K
}
Event: 1.359 GC heap before
{Heap before GC invocations=6 (full 1):
 PSYoungGen      total 33280K, used 2544K [0x922c0000, 0x97cc0000, 0xa7800000)
  eden space 30720K, 0% used [0x922c0000,0x922c0000,0x940c0000)
  from space 2560K, 99% used [0x940c0000,0x9433c180,0x94340000)
  to   space 15360K, 0% used [0x96dc0000,0x96dc0000,0x97cc0000)
 ParOldGen       total 40960K, used 34373K [0x67800000, 0x6a000000, 0x922c0000)
  object space 40960K, 83% used [0x67800000,0x69991560,0x6a000000)
 Metaspace       used 3181K, capacity 3206K, committed 3224K, reserved 4400K
Event: 1.369 GC heap after
Heap after GC invocations=6 (full 1):
 PSYoungGen      total 33280K, used 0K [0x922c0000, 0x97cc0000, 0xa7800000)
  eden space 30720K, 0% used [0x922c0000,0x922c0000,0x940c0000)
  from space 2560K, 0% used [0x940c0000,0x940c0000,0x94340000)
  to   space 15360K, 0% used [0x96dc0000,0x96dc0000,0x97cc0000)
 ParOldGen       total 38400K, used 8260K [0x67800000, 0x69d80000, 0x922c0000)
  object space 38400K, 21% used [0x67800000,0x680110b0,0x69d80000)
 Metaspace       used 3181K, capacity 3206K, committed 3224K, reserved 4400K
}
Event: 1.492 GC heap before
{Heap before GC invocations=7 (full 1):
 PSYoungGen      total 33280K, used 30720K [0x922c0000, 0x97cc0000, 0xa7800000)
  eden space 30720K, 100% used [0x922c0000,0x940c0000,0x940c0000)
  from space 2560K, 0% used [0x940c0000,0x940c0000,0x94340000)
  to   space 15360K, 0% used [0x96dc0000,0x96dc0000,0x97cc0000)
 ParOldGen       total 38400K, used 8260K [0x67800000, 0x69d80000, 0x922c0000)
  object space 38400K, 21% used [0x67800000,0x680110b0,0x69d80000)
 Metaspace       used 3191K, capacity 3206K, committed 3224K, reserved 4400K
Event: 1.500 GC heap after
Heap after GC invocations=7 (full 1):
 PSYoungGen      total 71168K, used 12925K [0x922c0000, 0x97b00000, 0xa7800000)
  eden space 57600K, 0% used [0x922c0000,0x922c0000,0x95b00000)
  from space 13568K, 95% used [0x96dc0000,0x97a5f650,0x97b00000)
  to   space 16384K, 0% used [0x95b00000,0x95b00000,0x96b00000)
 ParOldGen       total 38400K, used 11694K [0x67800000, 0x69d80000, 0x922c0000)
  object space 38400K, 30% used [0x67800000,0x6836bb20,0x69d80000)
 Metaspace       used 3191K, capacity 3206K, committed 3224K, reserved 4400K
}
Event: 1.721 GC heap before
{Heap before GC invocations=8 (full 1):
 PSYoungGen      total 71168K, used 70525K [0x922c0000, 0x97b00000, 0xa7800000)
  eden space 57600K, 100% used [0x922c0000,0x95b00000,0x95b00000)
  from space 13568K, 95% used [0x96dc0000,0x97a5f650,0x97b00000)
  to   space 16384K, 0% used [0x95b00000,0x95b00000,0x96b00000)
 ParOldGen       total 38400K, used 11694K [0x67800000, 0x69d80000, 0x922c0000)
  object space 38400K, 30% used [0x67800000,0x6836bb20,0x69d80000)
 Metaspace       used 3200K, capacity 3206K, committed 3224K, reserved 4400K

